# JRE version: Java(TM) SE Runtime Environment (8.0_131-b11) (build 1.8.0_131-b11)
# Java VM: Java HotSpot(TM) 64-Bit Server VM (25.131-b11 mixed mode windows-amd64 compressed oops)
Heap:
 PSYoungGen      total 44032K, used 9216K [0x00000000d5d00000, 0x00000000d9400000, 0x0000000100000000)
  eden space 31744K, 1% used [0x00000000d5d00000,0x00000000d5d9df78,0x00000000d7c00000)
  from space 12288K, 69% used [0x00000000d7c00000,0x00000000d84621e8,0x00000000d8800000)
  to   space 11264K, 0% used [0x00000000d8900000,0x00000000d8900000,0x00000000d9400000)
 ParOldGen       total 48640K, used 33069K [0x0000000081600000, 0x0000000084580000, 0x00000000d5d00000)
  object space 48640K, 67% used [0x0000000081600000,0x000000008364b440,0x0000000084580000)
 Metaspace       used 9991K, capacity 10336K, committed 10624K, reserved 1058816K
  class space    used 1048K, capacity 1108K, committed 1152K, reserved 1048576K
GC Heap History (10 events):
Event: 2.957 GC heap before
{Heap before GC invocations=17 (full 3):
 PSYoungGen      total 35840K, used 7661K [0x00000000d5d00000, 0x00000000d9000000, 0x0000000100000000)
  eden space 28160K, 0% used [0x00000000d5d00000,0x00000000d5d00000,0x00000000d7880000)
  from space 7680K, 99% used [0x00000000d8300000,0x00000000d8a7b440,0x00000000d8a80000)
  to   space 10752K, 0% used [0x00000000d7880000,0x00000000d7880000,0x00000000d8300000)
 ParOldGen       total 22016K, used 21203K [0x0000000081600000, 0x0000000082b80000, 0x00000000d5d00000)
  object space 22016K, 96% used [0x0000000081600000,0x0000000082ab4ce0,0x0000000082b80000)
 Metaspace       used 7741K, capacity 8436K, committed 8704K, reserved 1056768K
  class space    used 911K, capacity 944K, committed 1024K, reserved 1048576K
Event: 3.089 GC heap after
Heap after GC invocations=17 (full 3):
 PSYoungGen      total 35840K, used 5960K [0x00000000d5d00000, 0x00000000d9000000, 0x0000000100000000)
  eden space 28160K, 0% used [0x00000000d5d00000,0x00000000d5d00000,0x00000000d7880000)
  from space 7680K, 77% used [0x00000000d8300000,0x00000000d88d23e0,0x00000000d8a80000)
  to   space 10752K, 0% used [0x00000000d7880000,0x00000000d7880000,0x00000000d8300000)
 ParOldGen       total 33280K, used 22015K [0x0000000081600000, 0x0000000083680000, 0x00000000d5d00000)
  object space 33280K, 66% used [0x0000000081600000,0x0000000082b7ffb8,0x0000000083680000)
 Metaspace       used 7741K, capacity 8436K, committed 8704K, reserved 1056768K
  class space    used 911K, capacity 944K, committed 1024K, reserved 1048576K
}
Event: 3.826 GC heap before
{Heap before GC invocations=18 (full 3):
 PSYoungGen      total 35840K, used 34120K [0x00000000d5d00000, 0x00000000d9000000, 0x0000000100000000)
  eden space 28160K, 100% used [0x00000000d5d00000,0x00000000d7880000,0x00000000d7880000)
  from space 7680K, 77% used [0x00000000d8300000,0x00000000d88d23e0,0x00000000d8a80000)
  to   space 10752K, 0% used [0x00000000d7880000,0x00000000d7880000,0x00000000d8300000)
 ParOldGen       total 33280K, used 22015K [0x0000000081600000, 0x0000000083680000, 0x00000000d5d00000)
  object space 33280K, 66% used [0x0000000081600000,0x0000000082b7ffb8,0x0000000083680000)
 Metaspace       used 8163K, capacity 8820K, committed 8960K, reserved 1056768K
  class space    used 925K, capacity 944K, committed 1024K, reserved 1048576K
Event: 3.862 GC heap after
Heap after GC invocations=18 (full 3):
 PSYoungGen      total 38912K, used 9560K [0x00000000d5d00000, 0x00000000d9500000, 0x0000000100000000)
  eden space 28160K, 0% used [0x00000000d5d00000,0x00000000d5d00000,0x00000000d7880000)
  from space 10752K, 88% used [0x00000000d7880000,0x00000000d81d63a8,0x00000000d8300000)
  to   space 12288K, 0% used [0x00000000d8900000,0x00000000d8900000,0x00000000d9500000)
 ParOldGen       total 33280K, used 27773K [0x0000000081600000, 0x0000000083680000, 0x00000000d5d00000)
  object space 33280K, 83% used [0x0000000081600000,0x000000008311f7a8,0x0000000083680000)
 Metaspace       used 8163K, capacity 8820K, committed 8960K, reserved 1056768K
  class space    used 925K, capacity 944K, committed 1024K, reserved 1048576K
}
Event: 3.863 GC heap before
{Heap before GC invocations=19 (full 4):
 PSYoungGen      total 38912K, used 9560K [0x00000000d5d00000, 0x00000000d9500000, 0x0000000100000000)
  eden space 28160K, 0% used [0x00000000d5d00000,0x00000000d5d00000,0x00000000d7880000)
  from space 10752K, 88% used [0x00000000d7880000,0x00000000d81d63a8,0x00000000d8300000)
  to   space 12288K, 0% used [0x00000000d8900000,0x00000000d8900000,0x00000000d9500000)
 ParOldGen       total 33280K, used 27773K [0x0000000081600000, 0x0000000083680000, 0x00000000d5d00000)
  object space 33280K, 83% used [0x0000000081600000,0x000000008311f7a8,0x0000000083680000)
 Metaspace       used 8163K, capacity 8820K, committed 8960K, reserved 1056768K
  class space    used 925K, capacity 944K, committed 1024K, reserved 1048576K
Event: 4.066 GC heap after
Heap after GC invocations=19 (full 4):
 PSYoungGen      total 38912K, used 3763K [0x00000000d5d00000, 0x00000000d9500000, 0x0000000100000000)
  eden space 28160K, 0% used [0x00000000d5d00000,0x00000000d5d00000,0x00000000d7880000)
  from space 10752K, 35% used [0x00000000d7880000,0x00000000d7c2cd88,0x00000000d8300000)
  to   space 12288K, 0% used [0x00000000d8900000,0x00000000d8900000,0x00000000d9500000)
 ParOldGen       total 48640K, used 33053K [0x0000000081600000, 0x0000000084580000, 0x00000000d5d00000)
  object space 48640K, 67% used [0x0000000081600000,0x0000000083647440,0x0000000084580000)
 Metaspace       used 8163K, capacity 8820K, committed 8960K, reserved 1056768K
  class space    used 925K, capacity 944K, committed 1024K, reserved 1048576K
}
Event: 5.314 GC heap before
{Heap before GC invocations=20 (full 4):
 PSYoungGen      total 38912K, used 31923K [0x00000000d5d00000, 0x00000000d9500000, 0x0000000100000000)
  eden space 28160K, 100% used [0x00000000d5d00000,0x00000000d7880000,0x00000000d7880000)
  from space 10752K, 35% used [0x00000000d7880000,0x00000000d7c2cd88,0x00000000d8300000)
  to   space 12288K, 0% used [0x00000000d8900000,0x00000000d8900000,0x00000000d9500000)
 ParOldGen       total 48640K, used 33053K [0x0000000081600000, 0x0000000084580000, 0x00000000d5d00000)
  object space 48640K, 67% used [0x0000000081600000,0x0000000083647440,0x0000000084580000)
 Metaspace       used 9482K, capacity 9952K, committed 10112K, reserved 1058816K
  class space    used 1047K, capacity 1108K, committed 1152K, reserved 1048576K
Event: 5.343 GC heap after
Heap after GC invocations=20 (full 4):
 PSYoungGen      total 43008K, used 6137K [0x00000000d5d00000, 0x00000000d9400000, 0x0000000100000000)
  eden space 31744K, 0% used [0x00000000d5d00000,0x00000000d5d00000,0x00000000d7c00000)
  from space 11264K, 54% used [0x00000000d8900000,0x00000000d8efe618,0x00000000d9400000)
  to   space 12288K, 0% used [0x00000000d7c00000,0x00000000d7c00000,0x00000000d8800000)
 ParOldGen       total 48640K, used 33061K [0x0000000081600000, 0x0000000084580000, 0x00000000d5d00000)
  object space 48640K, 67% used [0x0000000081600000,0x0000000083649440,0x0000000084580000)
 Metaspace       used 9482K, capacity 9952K, committed 10112K, reserved 1058816K
  class space    used 1047K, capacity 1108K, committed 1152K, reserved 1048576K
}
Event: 6.848 GC heap before
{Heap before GC invocations=21 (full 4):
 PSYoungGen      total 43008K, used 37881K [0x00000000d5d00000, 0x00000000d9400000, 0x0000000100000000)
  eden space 31744K, 100% used [0x00000000d5d00000,0x00000000d7c00000,0x00000000d7c00000)
  from space 11264K, 54% used [0x00000000d8900000,0x00000000d8efe618,0x00000000d9400000)
  to   space 12288K, 0% used [0x00000000d7c00000,0x00000000d7c00000,0x00000000d8800000)
 ParOldGen       total 48640K, used 33061K [0x0000000081600000, 0x0000000084580000, 0x00000000d5d00000)
  object space 48640K, 67% used [0x0000000081600000,0x0000000083649440,0x0000000084580000)
 Metaspace       used 9988K, capacity 10336K, committed 10624K, reserved 1058816K
  class space    used 1048K, capacity 1108K, committed 1152K, reserved 1048576K
Event: 6.864 GC heap after
Heap after GC invocations=21 (full 4):
 PSYoungGen      total 44032K, used 8584K [0x00000000d5d00000, 0x00000000d9400000, 0x0000000100000000)
  eden space 31744K, 0% used [0x00000000d5d00000,0x00000000d5d00000,0x00000000d7c00000)
  from space 12288K, 69% used [0x00000000d7c00000,0x00000000d84621e8,0x00000000d8800000)
  to   space 11264K, 0% used [0x00000000d8900000,0x00000000d8900000,0x00000000d9400000)
 ParOldGen       total 48640K, used 33069K [0x0000000081600000, 0x0000000084580000, 0x00000000d5d00000)
  object space 48640K, 67% used [0x0000000081600000,0x000000008364b440,0x0000000084580000)
 Metaspace       used 9988K, capacity 10336K, committed 10624K, reserved 1058816K
  class space    used 1048K, capacity 1108K, committed 1152K, reserved 1048576K
}

